
*** Running vivado
    with args -log ngen.vdi -applog -m64 -product Vivado -messageDb vivado.pb -mode batch -source ngen.tcl -notrace


****** Vivado v2022.1 (64-bit)
  **** SW Build 3526262 on Mon Apr 18 15:47:01 MDT 2022
  **** IP Build 3524634 on Mon Apr 18 20:55:01 MDT 2022
    ** Copyright 1986-2022 Xilinx, Inc. All Rights Reserved.

source ngen.tcl -notrace
create_project: Time (s): cpu = 00:00:06 ; elapsed = 00:00:05 . Memory (MB): peak = 2609.422 ; gain = 8.930 ; free physical = 1065 ; free virtual = 4650
Command: link_design -top ngen -part xc7z007sclg225-2
Design is defaulting to srcset: sources_1
Design is defaulting to constrset: constrs_1
INFO: [Device 21-403] Loading part xc7z007sclg225-2
Netlist sorting complete. Time (s): cpu = 00:00:00 ; elapsed = 00:00:00 . Memory (MB): peak = 2609.422 ; gain = 0.000 ; free physical = 760 ; free virtual = 4351
INFO: [Netlist 29-17] Analyzing 17 Unisim elements for replacement
INFO: [Netlist 29-28] Unisim Transformation completed in 0 CPU seconds
INFO: [Project 1-479] Netlist was created with Vivado 2022.1
INFO: [Project 1-570] Preparing netlist for logic optimization
Netlist sorting complete. Time (s): cpu = 00:00:00 ; elapsed = 00:00:00 . Memory (MB): peak = 2609.422 ; gain = 0.000 ; free physical = 655 ; free virtual = 4257
INFO: [Project 1-111] Unisim Transformation Summary:
No Unisim elements were transformed.

6 Infos, 0 Warnings, 0 Critical Warnings and 0 Errors encountered.
link_design completed successfully
link_design: Time (s): cpu = 00:00:06 ; elapsed = 00:00:07 . Memory (MB): peak = 2609.422 ; gain = 0.000 ; free physical = 658 ; free virtual = 4260
Command: opt_design
Attempting to get a license for feature 'Implementation' and/or device 'xc7z007s'
INFO: [Common 17-349] Got license for feature 'Implementation' and/or device 'xc7z007s'
Running DRC as a precondition to command opt_design

Starting DRC Task
INFO: [DRC 23-27] Running DRC with 8 threads
INFO: [Project 1-461] DRC finished with 0 Errors
INFO: [Project 1-462] Please refer to the DRC report (report_drc) for more information.

Time (s): cpu = 00:00:02 ; elapsed = 00:00:00.94 . Memory (MB): peak = 2673.453 ; gain = 64.031 ; free physical = 643 ; free virtual = 4246

Starting Cache Timing Information Task
INFO: [Timing 38-35] Done setting XDC timing constraints.
Ending Cache Timing Information Task | Checksum: b5d0cab9

Time (s): cpu = 00:00:08 ; elapsed = 00:00:08 . Memory (MB): peak = 2673.453 ; gain = 0.000 ; free physical = 231 ; free virtual = 3886

Starting Logic Optimization Task

Phase 1 Retarget
INFO: [Opt 31-138] Pushed 0 inverter(s) to 0 load pin(s).
In IDDR TRANSFORM
INFO: [Opt 31-49] Retargeted 0 cell(s).
Phase 1 Retarget | Checksum: b5d0cab9

Time (s): cpu = 00:00:00.03 ; elapsed = 00:00:00.04 . Memory (MB): peak = 2845.594 ; gain = 0.000 ; free physical = 183 ; free virtual = 3653
INFO: [Opt 31-389] Phase Retarget created 0 cells and removed 0 cells

Phase 2 Constant propagation
INFO: [Opt 31-138] Pushed 0 inverter(s) to 0 load pin(s).
Phase 2 Constant propagation | Checksum: b5d0cab9

Time (s): cpu = 00:00:00.03 ; elapsed = 00:00:00.05 . Memory (MB): peak = 2845.594 ; gain = 0.000 ; free physical = 183 ; free virtual = 3653
INFO: [Opt 31-389] Phase Constant propagation created 0 cells and removed 0 cells

Phase 3 Sweep
Phase 3 Sweep | Checksum: 858da73f

Time (s): cpu = 00:00:00.04 ; elapsed = 00:00:00.05 . Memory (MB): peak = 2845.594 ; gain = 0.000 ; free physical = 183 ; free virtual = 3653
INFO: [Opt 31-389] Phase Sweep created 0 cells and removed 0 cells

Phase 4 BUFG optimization
Phase 4 BUFG optimization | Checksum: 858da73f

Time (s): cpu = 00:00:00.04 ; elapsed = 00:00:00.06 . Memory (MB): peak = 2877.609 ; gain = 32.016 ; free physical = 182 ; free virtual = 3652
INFO: [Opt 31-662] Phase BUFG optimization created 0 cells of which 0 are BUFGs and removed 0 cells.

Phase 5 Shift Register Optimization
INFO: [Opt 31-1064] SRL Remap converted 0 SRLs to 0 registers and converted 0 registers of register chains to 0 SRLs
Phase 5 Shift Register Optimization | Checksum: 858da73f

Time (s): cpu = 00:00:00.04 ; elapsed = 00:00:00.06 . Memory (MB): peak = 2877.609 ; gain = 32.016 ; free physical = 182 ; free virtual = 3652
INFO: [Opt 31-389] Phase Shift Register Optimization created 0 cells and removed 0 cells

Phase 6 Post Processing Netlist
Phase 6 Post Processing Netlist | Checksum: 858da73f

Time (s): cpu = 00:00:00.04 ; elapsed = 00:00:00.06 . Memory (MB): peak = 2877.609 ; gain = 32.016 ; free physical = 182 ; free virtual = 3652
INFO: [Opt 31-389] Phase Post Processing Netlist created 0 cells and removed 0 cells
Opt_design Change Summary
=========================


-------------------------------------------------------------------------------------------------------------------------
|  Phase                        |  #Cells created  |  #Cells Removed  |  #Constrained objects preventing optimizations  |
-------------------------------------------------------------------------------------------------------------------------
|  Retarget                     |               0  |               0  |                                              0  |
|  Constant propagation         |               0  |               0  |                                              0  |
|  Sweep                        |               0  |               0  |                                              0  |
|  BUFG optimization            |               0  |               0  |                                              0  |
|  Shift Register Optimization  |               0  |               0  |                                              0  |
|  Post Processing Netlist      |               0  |               0  |                                              0  |
-------------------------------------------------------------------------------------------------------------------------



Starting Connectivity Check Task

Time (s): cpu = 00:00:00 ; elapsed = 00:00:00 . Memory (MB): peak = 2877.609 ; gain = 0.000 ; free physical = 182 ; free virtual = 3653
Ending Logic Optimization Task | Checksum: f653a64e

Time (s): cpu = 00:00:00.05 ; elapsed = 00:00:00.07 . Memory (MB): peak = 2877.609 ; gain = 32.016 ; free physical = 182 ; free virtual = 3653

Starting Power Optimization Task
INFO: [Pwropt 34-132] Skipping clock gating for clocks with a period < 2.00 ns.
Ending Power Optimization Task | Checksum: f653a64e

Time (s): cpu = 00:00:00.01 ; elapsed = 00:00:00.01 . Memory (MB): peak = 2877.609 ; gain = 0.000 ; free physical = 182 ; free virtual = 3652

Starting Final Cleanup Task
Ending Final Cleanup Task | Checksum: f653a64e

Time (s): cpu = 00:00:00 ; elapsed = 00:00:00 . Memory (MB): peak = 2877.609 ; gain = 0.000 ; free physical = 182 ; free virtual = 3652

Starting Netlist Obfuscation Task
Netlist sorting complete. Time (s): cpu = 00:00:00 ; elapsed = 00:00:00 . Memory (MB): peak = 2877.609 ; gain = 0.000 ; free physical = 182 ; free virtual = 3652
Ending Netlist Obfuscation Task | Checksum: f653a64e

Time (s): cpu = 00:00:00 ; elapsed = 00:00:00 . Memory (MB): peak = 2877.609 ; gain = 0.000 ; free physical = 182 ; free virtual = 3652
INFO: [Common 17-83] Releasing license: Implementation
23 Infos, 0 Warnings, 0 Critical Warnings and 0 Errors encountered.
opt_design completed successfully
opt_design: Time (s): cpu = 00:00:12 ; elapsed = 00:00:12 . Memory (MB): peak = 2877.609 ; gain = 268.188 ; free physical = 182 ; free virtual = 3652
INFO: [Common 17-1381] The checkpoint '/home/pviscone/Desktop/docker-vivado/projects/ngen/ngen.runs/impl_1/ngen_opt.dcp' has been generated.
INFO: [runtcl-4] Executing : report_drc -file ngen_drc_opted.rpt -pb ngen_drc_opted.pb -rpx ngen_drc_opted.rpx
Command: report_drc -file ngen_drc_opted.rpt -pb ngen_drc_opted.pb -rpx ngen_drc_opted.rpx
INFO: [IP_Flow 19-234] Refreshing IP repositories
INFO: [IP_Flow 19-1704] No user IP repositories specified
INFO: [IP_Flow 19-2313] Loaded Vivado IP repository '/home/pviscone/Desktop/docker-vivado/pkg/vivado/opt/Xilinx/Vivado/2022.1/data/ip'.
INFO: [Timing 38-35] Done setting XDC timing constraints.
INFO: [DRC 23-27] Running DRC with 8 threads
INFO: [Vivado_Tcl 2-168] The results of DRC are in file /home/pviscone/Desktop/docker-vivado/projects/ngen/ngen.runs/impl_1/ngen_drc_opted.rpt.
report_drc completed successfully
Command: place_design
Attempting to get a license for feature 'Implementation' and/or device 'xc7z007s'
INFO: [Common 17-349] Got license for feature 'Implementation' and/or device 'xc7z007s'
INFO: [DRC 23-27] Running DRC with 8 threads
INFO: [Vivado_Tcl 4-198] DRC finished with 0 Errors
INFO: [Vivado_Tcl 4-199] Please refer to the DRC report (report_drc) for more information.
Running DRC as a precondition to command place_design
INFO: [DRC 23-27] Running DRC with 8 threads
INFO: [Vivado_Tcl 4-198] DRC finished with 0 Errors
INFO: [Vivado_Tcl 4-199] Please refer to the DRC report (report_drc) for more information.

Starting Placer Task
INFO: [Place 30-611] Multithreading enabled for place_design using a maximum of 8 CPUs

Phase 1 Placer Initialization

Phase 1.1 Placer Initialization Netlist Sorting
Netlist sorting complete. Time (s): cpu = 00:00:00 ; elapsed = 00:00:00 . Memory (MB): peak = 3041.094 ; gain = 0.000 ; free physical = 162 ; free virtual = 3550
Phase 1.1 Placer Initialization Netlist Sorting | Checksum: 7dc6f2db

Time (s): cpu = 00:00:00 ; elapsed = 00:00:00.01 . Memory (MB): peak = 3041.094 ; gain = 0.000 ; free physical = 162 ; free virtual = 3550
Netlist sorting complete. Time (s): cpu = 00:00:00 ; elapsed = 00:00:00 . Memory (MB): peak = 3041.094 ; gain = 0.000 ; free physical = 162 ; free virtual = 3550

Phase 1.2 IO Placement/ Clock Placement/ Build Placer Device
Phase 1.2 IO Placement/ Clock Placement/ Build Placer Device | Checksum: 15e64210e

Time (s): cpu = 00:00:00.41 ; elapsed = 00:00:00.12 . Memory (MB): peak = 3041.094 ; gain = 0.000 ; free physical = 195 ; free virtual = 3586

Phase 1.3 Build Placer Netlist Model
Phase 1.3 Build Placer Netlist Model | Checksum: 1e1d8314f

Time (s): cpu = 00:00:00.47 ; elapsed = 00:00:00.14 . Memory (MB): peak = 3041.094 ; gain = 0.000 ; free physical = 195 ; free virtual = 3587

Phase 1.4 Constrain Clocks/Macros
Phase 1.4 Constrain Clocks/Macros | Checksum: 1e1d8314f

Time (s): cpu = 00:00:00.47 ; elapsed = 00:00:00.14 . Memory (MB): peak = 3041.094 ; gain = 0.000 ; free physical = 195 ; free virtual = 3587
Phase 1 Placer Initialization | Checksum: 1e1d8314f

Time (s): cpu = 00:00:00.47 ; elapsed = 00:00:00.14 . Memory (MB): peak = 3041.094 ; gain = 0.000 ; free physical = 195 ; free virtual = 3587

Phase 2 Global Placement

Phase 2.1 Floorplanning
Phase 2.1 Floorplanning | Checksum: 1e1d8314f

Time (s): cpu = 00:00:00.48 ; elapsed = 00:00:00.15 . Memory (MB): peak = 3041.094 ; gain = 0.000 ; free physical = 195 ; free virtual = 3587

Phase 2.2 Update Timing before SLR Path Opt
Phase 2.2 Update Timing before SLR Path Opt | Checksum: 1e1d8314f

Time (s): cpu = 00:00:00.48 ; elapsed = 00:00:00.15 . Memory (MB): peak = 3041.094 ; gain = 0.000 ; free physical = 195 ; free virtual = 3587

Phase 2.3 Post-Processing in Floorplanning
Phase 2.3 Post-Processing in Floorplanning | Checksum: 1e1d8314f

Time (s): cpu = 00:00:00.48 ; elapsed = 00:00:00.15 . Memory (MB): peak = 3041.094 ; gain = 0.000 ; free physical = 195 ; free virtual = 3587

Phase 2.4 Global Placement Core
WARNING: [Place 46-29] place_design is not in timing mode. Skip physical synthesis in placer
Phase 2.4 Global Placement Core | Checksum: 25bf7ce1b

Time (s): cpu = 00:00:13 ; elapsed = 00:00:02 . Memory (MB): peak = 3041.094 ; gain = 0.000 ; free physical = 138 ; free virtual = 3568
Phase 2 Global Placement | Checksum: 25bf7ce1b

Time (s): cpu = 00:00:13 ; elapsed = 00:00:02 . Memory (MB): peak = 3041.094 ; gain = 0.000 ; free physical = 138 ; free virtual = 3568

Phase 3 Detail Placement

Phase 3.1 Commit Multi Column Macros
Phase 3.1 Commit Multi Column Macros | Checksum: 25bf7ce1b

Time (s): cpu = 00:00:13 ; elapsed = 00:00:02 . Memory (MB): peak = 3041.094 ; gain = 0.000 ; free physical = 138 ; free virtual = 3568

Phase 3.2 Commit Most Macros & LUTRAMs
Phase 3.2 Commit Most Macros & LUTRAMs | Checksum: 142a6a83b

Time (s): cpu = 00:00:13 ; elapsed = 00:00:02 . Memory (MB): peak = 3041.094 ; gain = 0.000 ; free physical = 138 ; free virtual = 3568

Phase 3.3 Area Swap Optimization
Phase 3.3 Area Swap Optimization | Checksum: 230497815

Time (s): cpu = 00:00:13 ; elapsed = 00:00:02 . Memory (MB): peak = 3041.094 ; gain = 0.000 ; free physical = 138 ; free virtual = 3568

Phase 3.4 Pipeline Register Optimization
Phase 3.4 Pipeline Register Optimization | Checksum: 230497815

Time (s): cpu = 00:00:13 ; elapsed = 00:00:02 . Memory (MB): peak = 3041.094 ; gain = 0.000 ; free physical = 139 ; free virtual = 3569

Phase 3.5 Small Shape Detail Placement
Phase 3.5 Small Shape Detail Placement | Checksum: 1c675108c

Time (s): cpu = 00:00:13 ; elapsed = 00:00:02 . Memory (MB): peak = 3041.094 ; gain = 0.000 ; free physical = 138 ; free virtual = 3568

Phase 3.6 Re-assign LUT pins
Phase 3.6 Re-assign LUT pins | Checksum: 1c675108c

Time (s): cpu = 00:00:13 ; elapsed = 00:00:02 . Memory (MB): peak = 3041.094 ; gain = 0.000 ; free physical = 138 ; free virtual = 3568

Phase 3.7 Pipeline Register Optimization
Phase 3.7 Pipeline Register Optimization | Checksum: 1c675108c

Time (s): cpu = 00:00:13 ; elapsed = 00:00:02 . Memory (MB): peak = 3041.094 ; gain = 0.000 ; free physical = 138 ; free virtual = 3568
Phase 3 Detail Placement | Checksum: 1c675108c

Time (s): cpu = 00:00:13 ; elapsed = 00:00:02 . Memory (MB): peak = 3041.094 ; gain = 0.000 ; free physical = 138 ; free virtual = 3568

Phase 4 Post Placement Optimization and Clean-Up

Phase 4.1 Post Commit Optimization
Phase 4.1 Post Commit Optimization | Checksum: 1c675108c

Time (s): cpu = 00:00:13 ; elapsed = 00:00:02 . Memory (MB): peak = 3041.094 ; gain = 0.000 ; free physical = 138 ; free virtual = 3567

Phase 4.2 Post Placement Cleanup
Phase 4.2 Post Placement Cleanup | Checksum: 1c675108c

Time (s): cpu = 00:00:13 ; elapsed = 00:00:02 . Memory (MB): peak = 3041.094 ; gain = 0.000 ; free physical = 138 ; free virtual = 3567

Phase 4.3 Placer Reporting

Phase 4.3.1 Print Estimated Congestion
INFO: [Place 30-612] Post-Placement Estimated Congestion 
 ____________________________________________________
|           | Global Congestion | Short Congestion  |
| Direction | Region Size       | Region Size       |
|___________|___________________|___________________|
|      North|                1x1|                1x1|
|___________|___________________|___________________|
|      South|                1x1|                1x1|
|___________|___________________|___________________|
|       East|                1x1|                1x1|
|___________|___________________|___________________|
|       West|                1x1|                1x1|
|___________|___________________|___________________|

Phase 4.3.1 Print Estimated Congestion | Checksum: 1c675108c

Time (s): cpu = 00:00:14 ; elapsed = 00:00:02 . Memory (MB): peak = 3041.094 ; gain = 0.000 ; free physical = 138 ; free virtual = 3567
Phase 4.3 Placer Reporting | Checksum: 1c675108c

Time (s): cpu = 00:00:14 ; elapsed = 00:00:02 . Memory (MB): peak = 3041.094 ; gain = 0.000 ; free physical = 138 ; free virtual = 3567

Phase 4.4 Final Placement Cleanup
Netlist sorting complete. Time (s): cpu = 00:00:00 ; elapsed = 00:00:00 . Memory (MB): peak = 3041.094 ; gain = 0.000 ; free physical = 138 ; free virtual = 3567

Time (s): cpu = 00:00:14 ; elapsed = 00:00:02 . Memory (MB): peak = 3041.094 ; gain = 0.000 ; free physical = 138 ; free virtual = 3567
Phase 4 Post Placement Optimization and Clean-Up | Checksum: 1d179868c

Time (s): cpu = 00:00:14 ; elapsed = 00:00:02 . Memory (MB): peak = 3041.094 ; gain = 0.000 ; free physical = 138 ; free virtual = 3567
Ending Placer Task | Checksum: 13edf5383

Time (s): cpu = 00:00:14 ; elapsed = 00:00:02 . Memory (MB): peak = 3041.094 ; gain = 0.000 ; free physical = 138 ; free virtual = 3567
INFO: [Common 17-83] Releasing license: Implementation
41 Infos, 1 Warnings, 0 Critical Warnings and 0 Errors encountered.
place_design completed successfully
Writing XDEF routing.
Writing XDEF routing logical nets.
Writing XDEF routing special nets.
Write XDEF Complete: Time (s): cpu = 00:00:00.1 ; elapsed = 00:00:00.12 . Memory (MB): peak = 3041.094 ; gain = 0.000 ; free physical = 135 ; free virtual = 3567
INFO: [Common 17-1381] The checkpoint '/home/pviscone/Desktop/docker-vivado/projects/ngen/ngen.runs/impl_1/ngen_placed.dcp' has been generated.
INFO: [runtcl-4] Executing : report_io -file ngen_io_placed.rpt
report_io: Time (s): cpu = 00:00:00.09 ; elapsed = 00:00:00.16 . Memory (MB): peak = 3041.094 ; gain = 0.000 ; free physical = 145 ; free virtual = 3573
INFO: [runtcl-4] Executing : report_utilization -file ngen_utilization_placed.rpt -pb ngen_utilization_placed.pb
INFO: [runtcl-4] Executing : report_control_sets -verbose -file ngen_control_sets_placed.rpt
report_control_sets: Time (s): cpu = 00:00:00.01 ; elapsed = 00:00:00.08 . Memory (MB): peak = 3041.094 ; gain = 0.000 ; free physical = 165 ; free virtual = 3593
Command: phys_opt_design
Attempting to get a license for feature 'Implementation' and/or device 'xc7z007s'
INFO: [Common 17-349] Got license for feature 'Implementation' and/or device 'xc7z007s'
INFO: [Vivado_Tcl 4-235] No timing constraint found. The netlist was not modified.
INFO: [Common 17-83] Releasing license: Implementation
48 Infos, 1 Warnings, 0 Critical Warnings and 0 Errors encountered.
phys_opt_design completed successfully
Writing XDEF routing.
Writing XDEF routing logical nets.
Writing XDEF routing special nets.
Write XDEF Complete: Time (s): cpu = 00:00:00.04 ; elapsed = 00:00:00.05 . Memory (MB): peak = 3041.094 ; gain = 0.000 ; free physical = 127 ; free virtual = 3559
INFO: [Common 17-1381] The checkpoint '/home/pviscone/Desktop/docker-vivado/projects/ngen/ngen.runs/impl_1/ngen_physopt.dcp' has been generated.
Command: route_design
Attempting to get a license for feature 'Implementation' and/or device 'xc7z007s'
INFO: [Common 17-349] Got license for feature 'Implementation' and/or device 'xc7z007s'
Running DRC as a precondition to command route_design
INFO: [DRC 23-27] Running DRC with 8 threads
INFO: [Vivado_Tcl 4-198] DRC finished with 0 Errors
INFO: [Vivado_Tcl 4-199] Please refer to the DRC report (report_drc) for more information.


Starting Routing Task
INFO: [Route 35-254] Multithreading enabled for route_design using a maximum of 8 CPUs

Phase 1 Build RT Design
Checksum: PlaceDB: c11860a8 ConstDB: 0 ShapeSum: 7dc6f2db RouteDB: 0
Post Restoration Checksum: NetGraph: f64ff37a NumContArr: 91547ded Constraints: 0 Timing: 0
Phase 1 Build RT Design | Checksum: 187a47167

Time (s): cpu = 00:00:14 ; elapsed = 00:00:13 . Memory (MB): peak = 3048.035 ; gain = 0.000 ; free physical = 152 ; free virtual = 3456

Phase 2 Router Initialization
INFO: [Route 35-64] No timing constraints were detected. The router will operate in resource-optimization mode.

Phase 2.1 Fix Topology Constraints
Phase 2.1 Fix Topology Constraints | Checksum: 187a47167

Time (s): cpu = 00:00:14 ; elapsed = 00:00:13 . Memory (MB): peak = 3061.047 ; gain = 13.012 ; free physical = 122 ; free virtual = 3428

Phase 2.2 Pre Route Cleanup
Phase 2.2 Pre Route Cleanup | Checksum: 187a47167

Time (s): cpu = 00:00:14 ; elapsed = 00:00:13 . Memory (MB): peak = 3061.047 ; gain = 13.012 ; free physical = 122 ; free virtual = 3428
 Number of Nodes with overlaps = 0

Router Utilization Summary
  Global Vertical Routing Utilization    = 0 %
  Global Horizontal Routing Utilization  = 0 %
  Routable Net Status*
  *Does not include unroutable nets such as driverless and loadless.
  Run report_route_status for detailed report.
  Number of Failed Nets               = 95
    (Failed Nets is the sum of unrouted and partially routed nets)
  Number of Unrouted Nets             = 95
  Number of Partially Routed Nets     = 0
  Number of Node Overlaps             = 0

Phase 2 Router Initialization | Checksum: 102d4852c

Time (s): cpu = 00:00:15 ; elapsed = 00:00:13 . Memory (MB): peak = 3070.047 ; gain = 22.012 ; free physical = 137 ; free virtual = 3426

Phase 3 Initial Routing

Phase 3.1 Global Routing
Phase 3.1 Global Routing | Checksum: 102d4852c

Time (s): cpu = 00:00:15 ; elapsed = 00:00:13 . Memory (MB): peak = 3070.047 ; gain = 22.012 ; free physical = 141 ; free virtual = 3425
Phase 3 Initial Routing | Checksum: af9fca0a

Time (s): cpu = 00:00:15 ; elapsed = 00:00:13 . Memory (MB): peak = 3070.047 ; gain = 22.012 ; free physical = 156 ; free virtual = 3421

Phase 4 Rip-up And Reroute

Phase 4.1 Global Iteration 0
 Number of Nodes with overlaps = 1
 Number of Nodes with overlaps = 0
Phase 4.1 Global Iteration 0 | Checksum: 1a8f8b873

Time (s): cpu = 00:00:15 ; elapsed = 00:00:13 . Memory (MB): peak = 3070.047 ; gain = 22.012 ; free physical = 169 ; free virtual = 3421
Phase 4 Rip-up And Reroute | Checksum: 1a8f8b873

Time (s): cpu = 00:00:15 ; elapsed = 00:00:13 . Memory (MB): peak = 3070.047 ; gain = 22.012 ; free physical = 169 ; free virtual = 3421

Phase 5 Delay and Skew Optimization
Phase 5 Delay and Skew Optimization | Checksum: 1a8f8b873

Time (s): cpu = 00:00:15 ; elapsed = 00:00:13 . Memory (MB): peak = 3070.047 ; gain = 22.012 ; free physical = 169 ; free virtual = 3421

Phase 6 Post Hold Fix

Phase 6.1 Hold Fix Iter
Phase 6.1 Hold Fix Iter | Checksum: 1a8f8b873

Time (s): cpu = 00:00:15 ; elapsed = 00:00:13 . Memory (MB): peak = 3070.047 ; gain = 22.012 ; free physical = 169 ; free virtual = 3421
Phase 6 Post Hold Fix | Checksum: 1a8f8b873

Time (s): cpu = 00:00:15 ; elapsed = 00:00:13 . Memory (MB): peak = 3070.047 ; gain = 22.012 ; free physical = 169 ; free virtual = 3421

Phase 7 Route finalize

Router Utilization Summary
  Global Vertical Routing Utilization    = 0.0326577 %
  Global Horizontal Routing Utilization  = 0.0323989 %
  Routable Net Status*
  *Does not include unroutable nets such as driverless and loadless.
  Run report_route_status for detailed report.
  Number of Failed Nets               = 0
    (Failed Nets is the sum of unrouted and partially routed nets)
  Number of Unrouted Nets             = 0
  Number of Partially Routed Nets     = 0
  Number of Node Overlaps             = 0

Congestion Report
North Dir 1x1 Area, Max Cong = 9.90991%, No Congested Regions.
South Dir 1x1 Area, Max Cong = 6.30631%, No Congested Regions.
East Dir 1x1 Area, Max Cong = 8.82353%, No Congested Regions.
West Dir 1x1 Area, Max Cong = 8.82353%, No Congested Regions.

------------------------------
Reporting congestion hotspots
------------------------------
Direction: North
----------------
Congested clusters found at Level 0
Effective congestion level: 0 Aspect Ratio: 1 Sparse Ratio: 0
Direction: South
----------------
Congested clusters found at Level 0
Effective congestion level: 0 Aspect Ratio: 1 Sparse Ratio: 0
Direction: East
----------------
Congested clusters found at Level 0
Effective congestion level: 0 Aspect Ratio: 1 Sparse Ratio: 0
Direction: West
----------------
Congested clusters found at Level 0
Effective congestion level: 0 Aspect Ratio: 1 Sparse Ratio: 0

Phase 7 Route finalize | Checksum: 1a8f8b873

Time (s): cpu = 00:00:15 ; elapsed = 00:00:13 . Memory (MB): peak = 3070.047 ; gain = 22.012 ; free physical = 172 ; free virtual = 3421

Phase 8 Verifying routed nets

 Verification completed successfully
Phase 8 Verifying routed nets | Checksum: 1a8f8b873

Time (s): cpu = 00:00:15 ; elapsed = 00:00:13 . Memory (MB): peak = 3070.047 ; gain = 22.012 ; free physical = 177 ; free virtual = 3420

Phase 9 Depositing Routes
Phase 9 Depositing Routes | Checksum: dfb7653d

Time (s): cpu = 00:00:15 ; elapsed = 00:00:13 . Memory (MB): peak = 3086.055 ; gain = 38.020 ; free physical = 183 ; free virtual = 3420
INFO: [Route 35-16] Router Completed Successfully

Time (s): cpu = 00:00:15 ; elapsed = 00:00:13 . Memory (MB): peak = 3086.055 ; gain = 38.020 ; free physical = 209 ; free virtual = 3447

Routing Is Done.
INFO: [Common 17-83] Releasing license: Implementation
57 Infos, 1 Warnings, 0 Critical Warnings and 0 Errors encountered.
route_design completed successfully
route_design: Time (s): cpu = 00:00:16 ; elapsed = 00:00:14 . Memory (MB): peak = 3086.055 ; gain = 44.961 ; free physical = 208 ; free virtual = 3447
Writing XDEF routing.
Writing XDEF routing logical nets.
Writing XDEF routing special nets.
Write XDEF Complete: Time (s): cpu = 00:00:00.06 ; elapsed = 00:00:00.05 . Memory (MB): peak = 3087.055 ; gain = 1.000 ; free physical = 214 ; free virtual = 3454
INFO: [Common 17-1381] The checkpoint '/home/pviscone/Desktop/docker-vivado/projects/ngen/ngen.runs/impl_1/ngen_routed.dcp' has been generated.
INFO: [runtcl-4] Executing : report_drc -file ngen_drc_routed.rpt -pb ngen_drc_routed.pb -rpx ngen_drc_routed.rpx
Command: report_drc -file ngen_drc_routed.rpt -pb ngen_drc_routed.pb -rpx ngen_drc_routed.rpx
INFO: [IP_Flow 19-1839] IP Catalog is up to date.
INFO: [DRC 23-27] Running DRC with 8 threads
INFO: [Vivado_Tcl 2-168] The results of DRC are in file /home/pviscone/Desktop/docker-vivado/projects/ngen/ngen.runs/impl_1/ngen_drc_routed.rpt.
report_drc completed successfully
INFO: [runtcl-4] Executing : report_methodology -file ngen_methodology_drc_routed.rpt -pb ngen_methodology_drc_routed.pb -rpx ngen_methodology_drc_routed.rpx
Command: report_methodology -file ngen_methodology_drc_routed.rpt -pb ngen_methodology_drc_routed.pb -rpx ngen_methodology_drc_routed.rpx
INFO: [Timing 38-35] Done setting XDC timing constraints.
INFO: [DRC 23-133] Running Methodology with 8 threads
INFO: [Vivado_Tcl 2-1520] The results of Report Methodology are in file /home/pviscone/Desktop/docker-vivado/projects/ngen/ngen.runs/impl_1/ngen_methodology_drc_routed.rpt.
report_methodology completed successfully
INFO: [runtcl-4] Executing : report_power -file ngen_power_routed.rpt -pb ngen_power_summary_routed.pb -rpx ngen_power_routed.rpx
Command: report_power -file ngen_power_routed.rpt -pb ngen_power_summary_routed.pb -rpx ngen_power_routed.rpx
INFO: [Timing 38-35] Done setting XDC timing constraints.
WARNING: [Power 33-232] No user defined clocks were found in the design! Power estimation will be inaccurate until this is corrected.
Resolution: Please specify clocks using create_clock/create_generated_clock for sequential elements. For pure combinatorial circuits, please specify a virtual clock, otherwise the vectorless estimation might be inaccurate
Running Vector-less Activity Propagation...

Finished Running Vector-less Activity Propagation
68 Infos, 2 Warnings, 0 Critical Warnings and 0 Errors encountered.
report_power completed successfully
INFO: [runtcl-4] Executing : report_route_status -file ngen_route_status.rpt -pb ngen_route_status.pb
INFO: [runtcl-4] Executing : report_timing_summary -max_paths 10 -report_unconstrained -file ngen_timing_summary_routed.rpt -pb ngen_timing_summary_routed.pb -rpx ngen_timing_summary_routed.rpx -warn_on_violation 
INFO: [Timing 38-91] UpdateTimingParams: Speed grade: -2, Delay Type: min_max.
INFO: [Timing 38-191] Multithreading enabled for timing update using a maximum of 8 CPUs
WARNING: [Timing 38-313] There are no user specified timing constraints. Timing constraints are needed for proper timing analysis.
INFO: [runtcl-4] Executing : report_incremental_reuse -file ngen_incremental_reuse_routed.rpt
INFO: [Vivado_Tcl 4-1062] Incremental flow is disabled. No incremental reuse Info to report.
INFO: [runtcl-4] Executing : report_clock_utilization -file ngen_clock_utilization_routed.rpt
INFO: [runtcl-4] Executing : report_bus_skew -warn_on_violation -file ngen_bus_skew_routed.rpt -pb ngen_bus_skew_routed.pb -rpx ngen_bus_skew_routed.rpx
INFO: [Timing 38-91] UpdateTimingParams: Speed grade: -2, Delay Type: min_max.
INFO: [Timing 38-191] Multithreading enabled for timing update using a maximum of 8 CPUs
INFO: [Common 17-206] Exiting Vivado at Tue Oct  4 17:21:03 2022...
